{"level":"info","message":"Root endpoint accessed","service":"acquisitions-api"}
{"level":"info","message":"::ffff:127.0.0.1 - - [03/Dec/2025:08:17:44 +0000] \"GET / HTTP/1.1\" 200 14 \"-\" \"Mozilla/5.0 (Windows NT 10.0; Win64; x64; rv:145.0) Gecko/20100101 Firefox/145.0\"","service":"acquisitions-api"}
{"level":"info","message":"::ffff:127.0.0.1 - - [03/Dec/2025:08:17:44 +0000] \"GET /favicon.ico HTTP/1.1\" 404 150 \"-\" \"Mozilla/5.0 (Windows NT 10.0; Win64; x64; rv:145.0) Gecko/20100101 Firefox/145.0\"","service":"acquisitions-api"}
{"level":"info","message":"Root endpoint accessed","service":"acquisitions-api"}
{"level":"info","message":"::ffff:127.0.0.1 - - [04/Dec/2025:18:50:31 +0000] \"GET / HTTP/1.1\" 200 14 \"-\" \"Mozilla/5.0 (Windows NT 10.0; Win64; x64; rv:145.0) Gecko/20100101 Firefox/145.0\"","service":"acquisitions-api"}
{"level":"info","message":"::ffff:127.0.0.1 - - [04/Dec/2025:18:50:31 +0000] \"GET /favicon.ico HTTP/1.1\" 404 150 \"-\" \"Mozilla/5.0 (Windows NT 10.0; Win64; x64; rv:145.0) Gecko/20100101 Firefox/145.0\"","service":"acquisitions-api"}
{"level":"info","message":"Health check endpoint accessed","service":"acquisitions-api"}
{"level":"info","message":"::ffff:127.0.0.1 - - [04/Dec/2025:18:50:38 +0000] \"GET /health HTTP/1.1\" 200 74 \"-\" \"Mozilla/5.0 (Windows NT 10.0; Win64; x64; rv:145.0) Gecko/20100101 Firefox/145.0\"","service":"acquisitions-api"}
{"level":"info","message":"::ffff:127.0.0.1 - - [04/Dec/2025:18:50:38 +0000] \"GET /favicon.ico HTTP/1.1\" 404 150 \"-\" \"Mozilla/5.0 (Windows NT 10.0; Win64; x64; rv:145.0) Gecko/20100101 Firefox/145.0\"","service":"acquisitions-api"}
{"level":"info","message":"API root endpoint accessed","service":"acquisitions-api"}
{"level":"info","message":"::ffff:127.0.0.1 - - [04/Dec/2025:18:50:50 +0000] \"GET /api/ HTTP/1.1\" 200 23 \"-\" \"Mozilla/5.0 (Windows NT 10.0; Win64; x64; rv:145.0) Gecko/20100101 Firefox/145.0\"","service":"acquisitions-api"}
{"level":"info","message":"::ffff:127.0.0.1 - - [04/Dec/2025:18:50:51 +0000] \"GET /favicon.ico HTTP/1.1\" 404 150 \"-\" \"Mozilla/5.0 (Windows NT 10.0; Win64; x64; rv:145.0) Gecko/20100101 Firefox/145.0\"","service":"acquisitions-api"}
{"level":"info","message":"::1 - - [04/Dec/2025:18:54:19 +0000] \"POST / HTTP/1.1\" 404 140 \"-\" \"PostmanRuntime/7.43.2\"","service":"acquisitions-api"}
{"level":"info","message":"::1 - - [04/Dec/2025:18:54:28 +0000] \"POST /api HTTP/1.1\" 404 143 \"-\" \"PostmanRuntime/7.43.2\"","service":"acquisitions-api"}
{"level":"info","message":"API root endpoint accessed","service":"acquisitions-api"}
{"level":"info","message":"::1 - - [04/Dec/2025:18:54:36 +0000] \"GET /api HTTP/1.1\" 200 23 \"-\" \"PostmanRuntime/7.43.2\"","service":"acquisitions-api"}
{"level":"info","message":"::1 - - [04/Dec/2025:18:54:58 +0000] \"POST /api/auth/sign-in HTTP/1.1\" 200 31 \"-\" \"PostmanRuntime/7.43.2\"","service":"acquisitions-api"}
{"level":"info","message":"::1 - - [04/Dec/2025:19:26:26 +0000] \"POST /api/auth/sign-up HTTP/1.1\" 400 95 \"-\" \"PostmanRuntime/7.43.2\"","service":"acquisitions-api"}
{"level":"info","message":"::1 - - [04/Dec/2025:19:26:31 +0000] \"GET /api/auth/sign-up HTTP/1.1\" 404 155 \"-\" \"PostmanRuntime/7.43.2\"","service":"acquisitions-api"}
{"level":"info","message":"::1 - - [04/Dec/2025:19:28:02 +0000] \"GET /api/auth/sign-up HTTP/1.1\" 404 155 \"-\" \"PostmanRuntime/7.43.2\"","service":"acquisitions-api"}
{"level":"info","message":"::1 - - [04/Dec/2025:19:28:06 +0000] \"POST /api/auth/sign-up HTTP/1.1\" 400 95 \"-\" \"PostmanRuntime/7.43.2\"","service":"acquisitions-api"}
{"level":"info","message":"::1 - - [04/Dec/2025:19:28:43 +0000] \"POST /api/auth/sign-up HTTP/1.1\" 400 95 \"-\" \"PostmanRuntime/7.43.2\"","service":"acquisitions-api"}
{"level":"info","message":"::1 - - [04/Dec/2025:19:29:09 +0000] \"POST /api/auth/sign-up HTTP/1.1\" 400 95 \"-\" \"PostmanRuntime/7.43.2\"","service":"acquisitions-api"}
{"level":"info","message":"::1 - - [04/Dec/2025:19:31:28 +0000] \"POST /api/auth/sign-up HTTP/1.1\" 400 95 \"-\" \"PostmanRuntime/7.43.2\"","service":"acquisitions-api"}
{"level":"info","message":"::1 - - [04/Dec/2025:19:31:38 +0000] \"GET /api/auth/sign-up HTTP/1.1\" 404 155 \"-\" \"PostmanRuntime/7.43.2\"","service":"acquisitions-api"}
{"level":"info","message":"::1 - - [04/Dec/2025:19:31:44 +0000] \"POST /api/auth/sign-up HTTP/1.1\" 400 95 \"-\" \"PostmanRuntime/7.43.2\"","service":"acquisitions-api"}
{"level":"info","message":"::1 - - [04/Dec/2025:19:33:24 +0000] \"POST /api/auth/sign-up HTTP/1.1\" 400 95 \"-\" \"PostmanRuntime/7.43.2\"","service":"acquisitions-api"}
{"level":"info","message":"::1 - - [04/Dec/2025:19:34:38 +0000] \"POST /api/auth/sign-up HTTP/1.1\" 400 95 \"-\" \"PostmanRuntime/7.43.2\"","service":"acquisitions-api"}
{"level":"info","message":"::1 - - [04/Dec/2025:19:34:51 +0000] \"POST /api/auth/sign-up HTTP/1.1\" 400 95 \"-\" \"PostmanRuntime/7.43.2\"","service":"acquisitions-api"}
{"level":"info","message":"::1 - - [04/Dec/2025:19:35:34 +0000] \"POST /api/auth/sign-up HTTP/1.1\" 400 95 \"-\" \"PostmanRuntime/7.43.2\"","service":"acquisitions-api"}
{"level":"info","message":"::1 - - [04/Dec/2025:19:36:12 +0000] \"POST /api/auth/sign-in HTTP/1.1\" 200 31 \"-\" \"PostmanRuntime/7.43.2\"","service":"acquisitions-api"}
{"level":"info","message":"::1 - - [04/Dec/2025:19:36:25 +0000] \"POST /api/auth/sign-up HTTP/1.1\" 400 95 \"-\" \"PostmanRuntime/7.43.2\"","service":"acquisitions-api"}
{"level":"info","message":"::1 - - [04/Dec/2025:19:37:10 +0000] \"POST /api/auth/sign-up HTTP/1.1\" 400 95 \"-\" \"PostmanRuntime/7.43.2\"","service":"acquisitions-api"}
{"level":"info","message":"::1 - - [04/Dec/2025:19:37:25 +0000] \"POST /api/auth/sign-up HTTP/1.1\" 400 29 \"-\" \"PostmanRuntime/7.43.2\"","service":"acquisitions-api"}
{"level":"info","message":"::1 - - [04/Dec/2025:19:37:41 +0000] \"POST /api/auth/sign-up HTTP/1.1\" 400 62 \"-\" \"PostmanRuntime/7.43.2\"","service":"acquisitions-api"}
{"level":"info","message":"::1 - - [04/Dec/2025:19:38:07 +0000] \"POST /api/auth/sign-up HTTP/1.1\" 400 62 \"-\" \"PostmanRuntime/7.43.2\"","service":"acquisitions-api"}
{"level":"info","message":"::1 - - [04/Dec/2025:19:38:11 +0000] \"POST /api/auth/sign-up HTTP/1.1\" 400 62 \"-\" \"PostmanRuntime/7.43.2\"","service":"acquisitions-api"}
{"level":"info","message":"::1 - - [04/Dec/2025:19:40:24 +0000] \"POST /api/auth/sign-up HTTP/1.1\" 400 95 \"-\" \"PostmanRuntime/7.43.2\"","service":"acquisitions-api"}
{"level":"info","message":"::1 - - [04/Dec/2025:19:41:07 +0000] \"POST /api/auth/sign-up HTTP/1.1\" 400 103 \"-\" \"PostmanRuntime/7.43.2\"","service":"acquisitions-api"}
{"level":"info","message":"User signed up: Shanks, shanks@example.com, user","service":"acquisitions-api"}
{"level":"info","message":"::1 - - [04/Dec/2025:19:41:23 +0000] \"POST /api/auth/sign-up HTTP/1.1\" 201 116 \"-\" \"PostmanRuntime/7.43.2\"","service":"acquisitions-api"}
{"level":"error","message":"Error creating user: Cannot convert undefined or null to object","service":"acquisitions-api","stack":"TypeError: Cannot convert undefined or null to object\n    at Function.entries (<anonymous>)\n    at orderSelectedFields (file:///D:/Big%20Skill%20Things/acquisitions/node_modules/drizzle-orm/utils.js:53:17)\n    at file:///D:/Big%20Skill%20Things/acquisitions/node_modules/drizzle-orm/utils.js:63:22\n    at Array.reduce (<anonymous>)\n    at orderSelectedFields (file:///D:/Big%20Skill%20Things/acquisitions/node_modules/drizzle-orm/utils.js:53:33)\n    at QueryPromise.returning (file:///D:/Big%20Skill%20Things/acquisitions/node_modules/drizzle-orm/pg-core/query-builders/insert.js:75:29)\n    at createUser (file:///D:/Big%20Skill%20Things/acquisitions/src/services/auth.service.js:29:8)\n    at async signup (file:///D:/Big%20Skill%20Things/acquisitions/src/controllers/auth.controller.js:16:18)"}
{"level":"error","message":"Error in sign-up: Cannot convert undefined or null to object","service":"acquisitions-api","stack":"TypeError: Cannot convert undefined or null to object\n    at Function.entries (<anonymous>)\n    at orderSelectedFields (file:///D:/Big%20Skill%20Things/acquisitions/node_modules/drizzle-orm/utils.js:53:17)\n    at file:///D:/Big%20Skill%20Things/acquisitions/node_modules/drizzle-orm/utils.js:63:22\n    at Array.reduce (<anonymous>)\n    at orderSelectedFields (file:///D:/Big%20Skill%20Things/acquisitions/node_modules/drizzle-orm/utils.js:53:33)\n    at QueryPromise.returning (file:///D:/Big%20Skill%20Things/acquisitions/node_modules/drizzle-orm/pg-core/query-builders/insert.js:75:29)\n    at createUser (file:///D:/Big%20Skill%20Things/acquisitions/src/services/auth.service.js:29:8)\n    at async signup (file:///D:/Big%20Skill%20Things/acquisitions/src/controllers/auth.controller.js:16:18)"}
{"level":"info","message":"::1 - - [04/Dec/2025:20:40:35 +0000] \"POST /api/auth/sign-up HTTP/1.1\" 500 1036 \"-\" \"PostmanRuntime/7.43.2\"","service":"acquisitions-api"}
{"level":"error","message":"Error creating user: Cannot convert undefined or null to object","service":"acquisitions-api","stack":"TypeError: Cannot convert undefined or null to object\n    at Function.entries (<anonymous>)\n    at orderSelectedFields (file:///D:/Big%20Skill%20Things/acquisitions/node_modules/drizzle-orm/utils.js:53:17)\n    at file:///D:/Big%20Skill%20Things/acquisitions/node_modules/drizzle-orm/utils.js:63:22\n    at Array.reduce (<anonymous>)\n    at orderSelectedFields (file:///D:/Big%20Skill%20Things/acquisitions/node_modules/drizzle-orm/utils.js:53:33)\n    at QueryPromise.returning (file:///D:/Big%20Skill%20Things/acquisitions/node_modules/drizzle-orm/pg-core/query-builders/insert.js:75:29)\n    at createUser (file:///D:/Big%20Skill%20Things/acquisitions/src/services/auth.service.js:29:8)\n    at async signup (file:///D:/Big%20Skill%20Things/acquisitions/src/controllers/auth.controller.js:16:18)"}
{"level":"error","message":"Error in sign-up: Cannot convert undefined or null to object","service":"acquisitions-api","stack":"TypeError: Cannot convert undefined or null to object\n    at Function.entries (<anonymous>)\n    at orderSelectedFields (file:///D:/Big%20Skill%20Things/acquisitions/node_modules/drizzle-orm/utils.js:53:17)\n    at file:///D:/Big%20Skill%20Things/acquisitions/node_modules/drizzle-orm/utils.js:63:22\n    at Array.reduce (<anonymous>)\n    at orderSelectedFields (file:///D:/Big%20Skill%20Things/acquisitions/node_modules/drizzle-orm/utils.js:53:33)\n    at QueryPromise.returning (file:///D:/Big%20Skill%20Things/acquisitions/node_modules/drizzle-orm/pg-core/query-builders/insert.js:75:29)\n    at createUser (file:///D:/Big%20Skill%20Things/acquisitions/src/services/auth.service.js:29:8)\n    at async signup (file:///D:/Big%20Skill%20Things/acquisitions/src/controllers/auth.controller.js:16:18)"}
{"level":"info","message":"::1 - - [04/Dec/2025:20:43:24 +0000] \"POST /api/auth/sign-up HTTP/1.1\" 500 1036 \"-\" \"PostmanRuntime/7.43.2\"","service":"acquisitions-api"}
{"level":"error","message":"Error creating user: Cannot convert undefined or null to object","service":"acquisitions-api","stack":"TypeError: Cannot convert undefined or null to object\n    at Function.entries (<anonymous>)\n    at orderSelectedFields (file:///D:/Big%20Skill%20Things/acquisitions/node_modules/drizzle-orm/utils.js:53:17)\n    at file:///D:/Big%20Skill%20Things/acquisitions/node_modules/drizzle-orm/utils.js:63:22\n    at Array.reduce (<anonymous>)\n    at orderSelectedFields (file:///D:/Big%20Skill%20Things/acquisitions/node_modules/drizzle-orm/utils.js:53:33)\n    at QueryPromise.returning (file:///D:/Big%20Skill%20Things/acquisitions/node_modules/drizzle-orm/pg-core/query-builders/insert.js:75:29)\n    at createUser (file:///D:/Big%20Skill%20Things/acquisitions/src/services/auth.service.js:29:8)\n    at async signup (file:///D:/Big%20Skill%20Things/acquisitions/src/controllers/auth.controller.js:16:18)"}
{"level":"error","message":"Error in sign-up: Cannot convert undefined or null to object","service":"acquisitions-api","stack":"TypeError: Cannot convert undefined or null to object\n    at Function.entries (<anonymous>)\n    at orderSelectedFields (file:///D:/Big%20Skill%20Things/acquisitions/node_modules/drizzle-orm/utils.js:53:17)\n    at file:///D:/Big%20Skill%20Things/acquisitions/node_modules/drizzle-orm/utils.js:63:22\n    at Array.reduce (<anonymous>)\n    at orderSelectedFields (file:///D:/Big%20Skill%20Things/acquisitions/node_modules/drizzle-orm/utils.js:53:33)\n    at QueryPromise.returning (file:///D:/Big%20Skill%20Things/acquisitions/node_modules/drizzle-orm/pg-core/query-builders/insert.js:75:29)\n    at createUser (file:///D:/Big%20Skill%20Things/acquisitions/src/services/auth.service.js:29:8)\n    at async signup (file:///D:/Big%20Skill%20Things/acquisitions/src/controllers/auth.controller.js:16:18)"}
{"level":"info","message":"::1 - - [04/Dec/2025:20:43:32 +0000] \"POST /api/auth/sign-up HTTP/1.1\" 500 1036 \"-\" \"PostmanRuntime/7.43.2\"","service":"acquisitions-api"}
{"level":"error","message":"Error creating the user: TypeError: Cannot convert undefined or null to object","service":"acquisitions-api"}
{"level":"error","message":"Error in sign-up: Cannot convert undefined or null to object","service":"acquisitions-api","stack":"TypeError: Cannot convert undefined or null to object\n    at Function.entries (<anonymous>)\n    at orderSelectedFields (file:///D:/Big%20Skill%20Things/acquisitions/node_modules/drizzle-orm/utils.js:53:17)\n    at file:///D:/Big%20Skill%20Things/acquisitions/node_modules/drizzle-orm/utils.js:63:22\n    at Array.reduce (<anonymous>)\n    at orderSelectedFields (file:///D:/Big%20Skill%20Things/acquisitions/node_modules/drizzle-orm/utils.js:53:33)\n    at QueryPromise.returning (file:///D:/Big%20Skill%20Things/acquisitions/node_modules/drizzle-orm/pg-core/query-builders/insert.js:75:29)\n    at createUser (file:///D:/Big%20Skill%20Things/acquisitions/src/services/auth.service.js:33:8)\n    at async signup (file:///D:/Big%20Skill%20Things/acquisitions/src/controllers/auth.controller.js:16:18)"}
{"level":"info","message":"::1 - - [04/Dec/2025:20:48:36 +0000] \"POST /api/auth/sign-up HTTP/1.1\" 500 1036 \"-\" \"PostmanRuntime/7.43.2\"","service":"acquisitions-api"}
{"level":"info","message":"::1 - - [04/Dec/2025:20:49:17 +0000] \"POST /api/auth/sign-up HTTP/1.1\" 400 95 \"-\" \"PostmanRuntime/7.43.2\"","service":"acquisitions-api"}
{"level":"error","message":"Error creating the user: TypeError: Cannot convert undefined or null to object","service":"acquisitions-api"}
{"level":"error","message":"Error in sign-up: Cannot convert undefined or null to object","service":"acquisitions-api","stack":"TypeError: Cannot convert undefined or null to object\n    at Function.entries (<anonymous>)\n    at orderSelectedFields (file:///D:/Big%20Skill%20Things/acquisitions/node_modules/drizzle-orm/utils.js:53:17)\n    at file:///D:/Big%20Skill%20Things/acquisitions/node_modules/drizzle-orm/utils.js:63:22\n    at Array.reduce (<anonymous>)\n    at orderSelectedFields (file:///D:/Big%20Skill%20Things/acquisitions/node_modules/drizzle-orm/utils.js:53:33)\n    at QueryPromise.returning (file:///D:/Big%20Skill%20Things/acquisitions/node_modules/drizzle-orm/pg-core/query-builders/insert.js:75:29)\n    at createUser (file:///D:/Big%20Skill%20Things/acquisitions/src/services/auth.service.js:33:8)\n    at async signup (file:///D:/Big%20Skill%20Things/acquisitions/src/controllers/auth.controller.js:16:18)"}
{"level":"info","message":"::1 - - [04/Dec/2025:20:49:29 +0000] \"POST /api/auth/sign-up HTTP/1.1\" 500 1036 \"-\" \"PostmanRuntime/7.43.2\"","service":"acquisitions-api"}
{"level":"info","message":"::1 - - [04/Dec/2025:20:49:42 +0000] \"POST /api/auth/sign-up HTTP/1.1\" 400 222 \"-\" \"PostmanRuntime/7.43.2\"","service":"acquisitions-api"}
{"level":"error","message":"Error creating the user: TypeError: Cannot convert undefined or null to object","service":"acquisitions-api"}
{"level":"error","message":"Error in sign-up: Cannot convert undefined or null to object","service":"acquisitions-api","stack":"TypeError: Cannot convert undefined or null to object\n    at Function.entries (<anonymous>)\n    at orderSelectedFields (file:///D:/Big%20Skill%20Things/acquisitions/node_modules/drizzle-orm/utils.js:53:17)\n    at file:///D:/Big%20Skill%20Things/acquisitions/node_modules/drizzle-orm/utils.js:63:22\n    at Array.reduce (<anonymous>)\n    at orderSelectedFields (file:///D:/Big%20Skill%20Things/acquisitions/node_modules/drizzle-orm/utils.js:53:33)\n    at QueryPromise.returning (file:///D:/Big%20Skill%20Things/acquisitions/node_modules/drizzle-orm/pg-core/query-builders/insert.js:75:29)\n    at createUser (file:///D:/Big%20Skill%20Things/acquisitions/src/services/auth.service.js:33:8)\n    at async signup (file:///D:/Big%20Skill%20Things/acquisitions/src/controllers/auth.controller.js:16:18)"}
{"level":"info","message":"::1 - - [04/Dec/2025:20:50:05 +0000] \"POST /api/auth/sign-up HTTP/1.1\" 500 1036 \"-\" \"PostmanRuntime/7.43.2\"","service":"acquisitions-api"}
{"level":"info","message":"Created new user: shanks@example.com","service":"acquisitions-api"}
{"level":"info","message":"User signed up: Shanks, shanks@example.com, admin","service":"acquisitions-api"}
{"level":"info","message":"::1 - - [04/Dec/2025:20:50:41 +0000] \"POST /api/auth/sign-up HTTP/1.1\" 201 117 \"-\" \"PostmanRuntime/7.43.2\"","service":"acquisitions-api"}
{"level":"error","message":"Error creating user: User with this email already exists","service":"acquisitions-api","stack":"Error: User with this email already exists\n    at createUser (file:///D:/Big%20Skill%20Things/acquisitions/src/services/auth.service.js:26:13)\n    at process.processTicksAndRejections (node:internal/process/task_queues:95:5)\n    at async signup (file:///D:/Big%20Skill%20Things/acquisitions/src/controllers/auth.controller.js:16:18)"}
{"level":"error","message":"Error in sign-up: User with this email already exists","service":"acquisitions-api","stack":"Error: User with this email already exists\n    at createUser (file:///D:/Big%20Skill%20Things/acquisitions/src/services/auth.service.js:26:13)\n    at process.processTicksAndRejections (node:internal/process/task_queues:95:5)\n    at async signup (file:///D:/Big%20Skill%20Things/acquisitions/src/controllers/auth.controller.js:16:18)"}
{"level":"info","message":"::1 - - [04/Dec/2025:20:50:55 +0000] \"POST /api/auth/sign-up HTTP/1.1\" 409 47 \"-\" \"PostmanRuntime/7.43.2\"","service":"acquisitions-api"}
{"level":"info","message":"Created new user: shanks1@example.com","service":"acquisitions-api"}
{"level":"info","message":"User signed up: Shanks, shanks1@example.com, user","service":"acquisitions-api"}
{"level":"info","message":"::1 - - [04/Dec/2025:20:51:02 +0000] \"POST /api/auth/sign-up HTTP/1.1\" 201 117 \"-\" \"PostmanRuntime/7.43.2\"","service":"acquisitions-api"}
{"level":"info","message":"Created new user: shanks111@example.com","service":"acquisitions-api"}
{"level":"info","message":"User signed up: Shanks11, shanks111@example.com, user","service":"acquisitions-api"}
{"level":"info","message":"::1 - - [04/Dec/2025:20:51:12 +0000] \"POST /api/auth/sign-up HTTP/1.1\" 201 121 \"-\" \"PostmanRuntime/7.43.2\"","service":"acquisitions-api"}
{"level":"info","message":"User shanks111@example.com authenticated successfully","service":"acquisitions-api"}
{"level":"info","message":"User signed in successfully: shanks111@example.com","service":"acquisitions-api"}
{"level":"info","message":"::1 - - [04/Dec/2025:21:02:14 +0000] \"POST /api/auth/sign-in HTTP/1.1\" 200 121 \"-\" \"PostmanRuntime/7.49.1\"","service":"acquisitions-api"}
{"level":"info","message":"User signed out successfully","service":"acquisitions-api"}
{"level":"info","message":"::1 - - [04/Dec/2025:21:02:25 +0000] \"POST /api/auth/sign-out HTTP/1.1\" 200 42 \"-\" \"PostmanRuntime/7.49.1\"","service":"acquisitions-api"}
{"ip":"::1","level":"warn","message":"Blocked bot request","path":"/api/auth/sign-out","service":"acquisitions-api","userAgent":"PostmanRuntime/7.49.1"}
{"level":"info","message":"::1 - - [05/Dec/2025:18:30:32 +0000] \"POST /api/auth/sign-out HTTP/1.1\" 403 60 \"-\" \"PostmanRuntime/7.49.1\"","service":"acquisitions-api"}
{"ip":"::1","level":"warn","message":"Blocked bot request","path":"/health","service":"acquisitions-api","userAgent":"PostmanRuntime/7.49.1"}
{"level":"info","message":"::1 - - [05/Dec/2025:18:31:20 +0000] \"POST /health HTTP/1.1\" 403 60 \"-\" \"PostmanRuntime/7.49.1\"","service":"acquisitions-api"}
{"level":"info","message":"Health check endpoint accessed","service":"acquisitions-api"}
{"level":"info","message":"::ffff:127.0.0.1 - - [05/Dec/2025:18:31:39 +0000] \"GET /health HTTP/1.1\" 200 74 \"-\" \"Mozilla/5.0 (Windows NT 10.0; Win64; x64; rv:145.0) Gecko/20100101 Firefox/145.0\"","service":"acquisitions-api"}
{"level":"info","message":"::ffff:127.0.0.1 - - [05/Dec/2025:18:31:39 +0000] \"GET /favicon.ico HTTP/1.1\" 404 150 \"-\" \"Mozilla/5.0 (Windows NT 10.0; Win64; x64; rv:145.0) Gecko/20100101 Firefox/145.0\"","service":"acquisitions-api"}
{"level":"info","message":"::1 - - [05/Dec/2025:18:33:42 +0000] \"POST /health HTTP/1.1\" 404 146 \"-\" \"Mozilla/5.0 (Windows NT 10.0; Win64; x64; rv:145.0) Gecko/20100101 Firefox/145.0\"","service":"acquisitions-api"}
{"level":"info","message":"Health check endpoint accessed","service":"acquisitions-api"}
{"level":"info","message":"::1 - - [05/Dec/2025:18:33:47 +0000] \"GET /health HTTP/1.1\" 200 75 \"-\" \"Mozilla/5.0 (Windows NT 10.0; Win64; x64; rv:145.0) Gecko/20100101 Firefox/145.0\"","service":"acquisitions-api"}
{"level":"info","message":"::1 - - [05/Dec/2025:18:34:02 +0000] \"GET /health HTTP/1.1\" - - \"-\" \"Mozilla/5.0 (Windows NT 10.0; Win64; x64; rv:145.0) Gecko/20100101 Firefox/145.0\"","service":"acquisitions-api"}
{"level":"info","message":"Health check endpoint accessed","service":"acquisitions-api"}
{"level":"info","message":"::1 - - [05/Dec/2025:18:34:03 +0000] \"GET /health HTTP/1.1\" - - \"-\" \"Mozilla/5.0 (Windows NT 10.0; Win64; x64; rv:145.0) Gecko/20100101 Firefox/145.0\"","service":"acquisitions-api"}
{"level":"info","message":"Health check endpoint accessed","service":"acquisitions-api"}
{"level":"info","message":"Health check endpoint accessed","service":"acquisitions-api"}
{"level":"info","message":"::1 - - [05/Dec/2025:18:34:04 +0000] \"GET /health HTTP/1.1\" 200 75 \"-\" \"Mozilla/5.0 (Windows NT 10.0; Win64; x64; rv:145.0) Gecko/20100101 Firefox/145.0\"","service":"acquisitions-api"}
{"level":"info","message":"Health check endpoint accessed","service":"acquisitions-api"}
{"level":"info","message":"::1 - - [05/Dec/2025:18:34:04 +0000] \"GET /health HTTP/1.1\" 200 75 \"-\" \"Mozilla/5.0 (Windows NT 10.0; Win64; x64; rv:145.0) Gecko/20100101 Firefox/145.0\"","service":"acquisitions-api"}
{"ip":"::1","level":"warn","message":"Rate limit exceeded","path":"/health","role":"guest","service":"acquisitions-api","userAgent":"Mozilla/5.0 (Windows NT 10.0; Win64; x64; rv:145.0) Gecko/20100101 Firefox/145.0"}
{"level":"info","message":"::1 - - [05/Dec/2025:18:34:05 +0000] \"GET /health HTTP/1.1\" 429 80 \"-\" \"Mozilla/5.0 (Windows NT 10.0; Win64; x64; rv:145.0) Gecko/20100101 Firefox/145.0\"","service":"acquisitions-api"}
{"level":"info","message":"::ffff:127.0.0.1 - - [05/Dec/2025:18:35:04 +0000] \"GET /favicon.ico HTTP/1.1\" - - \"-\" \"Mozilla/5.0 (Windows NT 10.0; Win64; x64; rv:145.0) Gecko/20100101 Firefox/145.0\"","service":"acquisitions-api"}
{"level":"info","message":"Health check endpoint accessed","service":"acquisitions-api"}
{"level":"info","message":"::1 - - [05/Dec/2025:18:35:36 +0000] \"GET /health HTTP/1.1\" 200 75 \"-\" \"Mozilla/5.0 (Windows NT 10.0; Win64; x64; rv:145.0) Gecko/20100101 Firefox/145.0\"","service":"acquisitions-api"}
{"level":"info","message":"Health check endpoint accessed","service":"acquisitions-api"}
{"level":"info","message":"::1 - - [05/Dec/2025:19:12:18 +0000] \"GET /health HTTP/1.1\" 200 75 \"-\" \"-\"","service":"acquisitions-api"}
{"level":"info","message":"Root endpoint accessed","service":"acquisitions-api"}
{"level":"info","message":"::ffff:172.21.0.1 - - [05/Dec/2025:19:12:31 +0000] \"GET / HTTP/1.1\" 304 - \"-\" \"Mozilla/5.0 (Windows NT 10.0; Win64; x64; rv:145.0) Gecko/20100101 Firefox/145.0\"","service":"acquisitions-api"}
{"level":"info","message":"::ffff:172.21.0.1 - - [05/Dec/2025:19:12:32 +0000] \"GET /favicon.ico HTTP/1.1\" - - \"-\" \"Mozilla/5.0 (Windows NT 10.0; Win64; x64; rv:145.0) Gecko/20100101 Firefox/145.0\"","service":"acquisitions-api"}
{"level":"info","message":"Health check endpoint accessed","service":"acquisitions-api"}
{"level":"info","message":"::ffff:172.21.0.1 - - [05/Dec/2025:19:12:40 +0000] \"GET /health HTTP/1.1\" 200 76 \"-\" \"Mozilla/5.0 (Windows NT 10.0; Win64; x64; rv:145.0) Gecko/20100101 Firefox/145.0\"","service":"acquisitions-api"}
{"level":"info","message":"::ffff:172.21.0.1 - - [05/Dec/2025:19:12:40 +0000] \"GET /favicon.ico HTTP/1.1\" 404 150 \"-\" \"Mozilla/5.0 (Windows NT 10.0; Win64; x64; rv:145.0) Gecko/20100101 Firefox/145.0\"","service":"acquisitions-api"}
{"ip":"::1","level":"warn","message":"Rate limit exceeded","path":"/health","role":"guest","service":"acquisitions-api"}
{"level":"info","message":"::1 - - [05/Dec/2025:19:12:48 +0000] \"GET /health HTTP/1.1\" 429 80 \"-\" \"-\"","service":"acquisitions-api"}
{"level":"info","message":"Health check endpoint accessed","service":"acquisitions-api"}
{"level":"info","message":"::1 - - [05/Dec/2025:19:13:19 +0000] \"GET /health HTTP/1.1\" 200 76 \"-\" \"-\"","service":"acquisitions-api"}
{"level":"info","message":"Health check endpoint accessed","service":"acquisitions-api"}
{"level":"info","message":"::1 - - [05/Dec/2025:19:13:50 +0000] \"GET /health HTTP/1.1\" 200 76 \"-\" \"-\"","service":"acquisitions-api"}
{"level":"info","message":"Health check endpoint accessed","service":"acquisitions-api"}
{"level":"info","message":"::1 - - [05/Dec/2025:19:14:20 +0000] \"GET /health HTTP/1.1\" 200 77 \"-\" \"-\"","service":"acquisitions-api"}
{"level":"info","message":"Health check endpoint accessed","service":"acquisitions-api"}
{"level":"info","message":"::1 - - [05/Dec/2025:19:14:50 +0000] \"GET /health HTTP/1.1\" 200 77 \"-\" \"-\"","service":"acquisitions-api"}
{"level":"info","message":"Health check endpoint accessed","service":"acquisitions-api"}
{"level":"info","message":"::1 - - [05/Dec/2025:19:15:20 +0000] \"GET /health HTTP/1.1\" 200 77 \"-\" \"-\"","service":"acquisitions-api"}
{"level":"info","message":"Health check endpoint accessed","service":"acquisitions-api"}
{"level":"info","message":"::1 - - [05/Dec/2025:19:15:50 +0000] \"GET /health HTTP/1.1\" 200 77 \"-\" \"-\"","service":"acquisitions-api"}
{"level":"info","message":"Health check endpoint accessed","service":"acquisitions-api"}
{"level":"info","message":"::1 - - [05/Dec/2025:19:16:21 +0000] \"GET /health HTTP/1.1\" 200 77 \"-\" \"-\"","service":"acquisitions-api"}
{"level":"info","message":"Health check endpoint accessed","service":"acquisitions-api"}
{"level":"info","message":"::1 - - [05/Dec/2025:19:16:51 +0000] \"GET /health HTTP/1.1\" 200 77 \"-\" \"-\"","service":"acquisitions-api"}
{"level":"info","message":"Health check endpoint accessed","service":"acquisitions-api"}
{"level":"info","message":"::1 - - [05/Dec/2025:19:17:21 +0000] \"GET /health HTTP/1.1\" 200 77 \"-\" \"-\"","service":"acquisitions-api"}
{"level":"info","message":"Created new user: shanksreddy@example.com","service":"acquisitions-api"}
{"level":"info","message":"User signed up: Shanks, shanksreddy@example.com, user","service":"acquisitions-api"}
{"level":"info","message":"::ffff:172.21.0.1 - - [05/Dec/2025:19:17:26 +0000] \"POST /api/auth/sign-up HTTP/1.1\" 201 121 \"-\" \"Mozilla/5.0 (Windows NT 10.0; Win64; x64; rv:145.0) Gecko/20100101 Firefox/145.0\"","service":"acquisitions-api"}
{"level":"info","message":"Health check endpoint accessed","service":"acquisitions-api"}
{"level":"info","message":"::1 - - [05/Dec/2025:19:17:51 +0000] \"GET /health HTTP/1.1\" 200 77 \"-\" \"-\"","service":"acquisitions-api"}
{"level":"info","message":"Health check endpoint accessed","service":"acquisitions-api"}
{"level":"info","message":"::1 - - [05/Dec/2025:19:18:21 +0000] \"GET /health HTTP/1.1\" 200 77 \"-\" \"-\"","service":"acquisitions-api"}
{"level":"info","message":"Health check endpoint accessed","service":"acquisitions-api"}
{"level":"info","message":"::1 - - [05/Dec/2025:19:18:52 +0000] \"GET /health HTTP/1.1\" 200 77 \"-\" \"-\"","service":"acquisitions-api"}
{"level":"info","message":"Health check endpoint accessed","service":"acquisitions-api"}
{"level":"info","message":"::1 - - [05/Dec/2025:19:19:22 +0000] \"GET /health HTTP/1.1\" 200 77 \"-\" \"-\"","service":"acquisitions-api"}
{"level":"info","message":"Health check endpoint accessed","service":"acquisitions-api"}
{"level":"info","message":"::1 - - [05/Dec/2025:19:19:52 +0000] \"GET /health HTTP/1.1\" 200 77 \"-\" \"-\"","service":"acquisitions-api"}
{"level":"info","message":"Health check endpoint accessed","service":"acquisitions-api"}
{"level":"info","message":"::1 - - [05/Dec/2025:19:20:22 +0000] \"GET /health HTTP/1.1\" 200 77 \"-\" \"-\"","service":"acquisitions-api"}
{"level":"info","message":"Health check endpoint accessed","service":"acquisitions-api"}
{"level":"info","message":"::1 - - [05/Dec/2025:19:20:52 +0000] \"GET /health HTTP/1.1\" 200 77 \"-\" \"-\"","service":"acquisitions-api"}
{"level":"info","message":"Health check endpoint accessed","service":"acquisitions-api"}
{"level":"info","message":"::1 - - [05/Dec/2025:19:21:23 +0000] \"GET /health HTTP/1.1\" 200 77 \"-\" \"-\"","service":"acquisitions-api"}
{"level":"info","message":"Health check endpoint accessed","service":"acquisitions-api"}
{"level":"info","message":"::1 - - [05/Dec/2025:19:21:53 +0000] \"GET /health HTTP/1.1\" 200 77 \"-\" \"-\"","service":"acquisitions-api"}
{"level":"info","message":"Health check endpoint accessed","service":"acquisitions-api"}
{"level":"info","message":"::1 - - [05/Dec/2025:19:22:23 +0000] \"GET /health HTTP/1.1\" 200 77 \"-\" \"-\"","service":"acquisitions-api"}
{"level":"info","message":"Health check endpoint accessed","service":"acquisitions-api"}
{"level":"info","message":"::1 - - [05/Dec/2025:19:22:53 +0000] \"GET /health HTTP/1.1\" 200 77 \"-\" \"-\"","service":"acquisitions-api"}
{"level":"info","message":"Created new user: shanksreddy1@example.com","service":"acquisitions-api"}
{"level":"info","message":"User signed up: Shanks, shanksreddy1@example.com, user","service":"acquisitions-api"}
{"level":"info","message":"::ffff:172.21.0.1 - - [05/Dec/2025:19:23:12 +0000] \"POST /api/auth/sign-up HTTP/1.1\" 201 122 \"-\" \"Mozilla/5.0 (Windows NT 10.0; Win64; x64; rv:145.0) Gecko/20100101 Firefox/145.0\"","service":"acquisitions-api"}
{"level":"info","message":"Health check endpoint accessed","service":"acquisitions-api"}
{"level":"info","message":"::1 - - [05/Dec/2025:19:23:24 +0000] \"GET /health HTTP/1.1\" 200 76 \"-\" \"-\"","service":"acquisitions-api"}
{"level":"info","message":"Health check endpoint accessed","service":"acquisitions-api"}
{"level":"info","message":"::1 - - [05/Dec/2025:19:25:47 +0000] \"GET /health HTTP/1.1\" 200 75 \"-\" \"-\"","service":"acquisitions-api"}
{"level":"info","message":"Created new user: shanksreddy123@example.com","service":"acquisitions-api"}
{"level":"info","message":"User signed up: Shanks, shanksreddy123@example.com, user","service":"acquisitions-api"}
{"level":"info","message":"::ffff:172.21.0.1 - - [05/Dec/2025:19:25:59 +0000] \"POST /api/auth/sign-up HTTP/1.1\" 201 124 \"-\" \"Mozilla/5.0 (Windows NT 10.0; Win64; x64; rv:145.0) Gecko/20100101 Firefox/145.0\"","service":"acquisitions-api"}
{"level":"info","message":"Health check endpoint accessed","service":"acquisitions-api"}
{"level":"info","message":"::1 - - [05/Dec/2025:19:26:17 +0000] \"GET /health HTTP/1.1\" 200 75 \"-\" \"-\"","service":"acquisitions-api"}
{"level":"info","message":"Health check endpoint accessed","service":"acquisitions-api"}
{"level":"info","message":"::1 - - [05/Dec/2025:19:26:48 +0000] \"GET /health HTTP/1.1\" 200 74 \"-\" \"-\"","service":"acquisitions-api"}
{"level":"info","message":"Health check endpoint accessed","service":"acquisitions-api"}
{"level":"info","message":"::1 - - [05/Dec/2025:19:27:18 +0000] \"GET /health HTTP/1.1\" 200 75 \"-\" \"-\"","service":"acquisitions-api"}
{"level":"info","message":"Health check endpoint accessed","service":"acquisitions-api"}
{"level":"info","message":"::1 - - [05/Dec/2025:19:27:48 +0000] \"GET /health HTTP/1.1\" 200 76 \"-\" \"-\"","service":"acquisitions-api"}
